

================================================================
== Vivado HLS Report for 'cholesky_top'
================================================================
* Date:           Fri Sep 28 05:27:39 2018

* Version:        2017.4 (Build 2086221 on Fri Dec 15 21:13:33 MST 2017)
* Project:        chol
* Solution:       solution1
* Product family: virtex7
* Target device:  xc7vx690tffg1157-2


================================================================
== Performance Estimates
================================================================
+ Timing (ns): 
    * Summary: 
    +--------+-------+----------+------------+
    |  Clock | Target| Estimated| Uncertainty|
    +--------+-------+----------+------------+
    |ap_clk  |   4.00|      3.43|        0.50|
    +--------+-------+----------+------------+

+ Latency (clock cycles): 
    * Summary: 
    +------+------+------+------+---------+
    |   Latency   |   Interval  | Pipeline|
    |  min |  max |  min |  max |   Type  |
    +------+------+------+------+---------+
    |  2178|  7722|  2178|  7722|   none  |
    +------+------+------+------+---------+

    + Detail: 
        * Instance: 
        +--------------------------+---------------+------+------+------+------+---------+
        |                          |               |   Latency   |   Interval  | Pipeline|
        |         Instance         |     Module    |  min |  max |  min |  max |   Type  |
        +--------------------------+---------------+------+------+------+------+---------+
        |grp_cholesky_alt2_fu_197  |cholesky_alt2  |  1119|  5606|  1119|  5606|   none  |
        +--------------------------+---------------+------+------+------+------+---------+

        * Loop: 
        +---------------+------+------+----------+-----------+-----------+------+----------+
        |               |   Latency   | Iteration|  Initiation Interval  | Trip |          |
        |   Loop Name   |  min |  max |  Latency |  achieved |   target  | Count| Pipelined|
        +---------------+------+------+----------+-----------+-----------+------+----------+
        |- a_row_loop   |  1056|  1056|        66|          -|          -|    16|    no    |
        | + a_col_loop  |    64|    64|         4|          -|          -|    16|    no    |
        |- l_row_loop   |  1056|  1056|        66|          -|          -|    16|    no    |
        | + l_col_loop  |    64|    64|         4|          -|          -|    16|    no    |
        +---------------+------+------+----------+-----------+-----------+------+----------+



================================================================
== Utilization Estimates
================================================================
* Summary: 
+-----------------+---------+-------+--------+--------+
|       Name      | BRAM_18K| DSP48E|   FF   |   LUT  |
+-----------------+---------+-------+--------+--------+
|DSP              |        -|      -|       -|       -|
|Expression       |        -|      -|       0|     220|
|FIFO             |        -|      -|       -|       -|
|Instance         |        2|     35|    5379|    4565|
|Memory           |        4|      -|       0|       0|
|Multiplexer      |        -|      -|       -|     233|
|Register         |        -|      -|     191|       -|
+-----------------+---------+-------+--------+--------+
|Total            |        6|     35|    5570|    5018|
+-----------------+---------+-------+--------+--------+
|Available        |     2940|   3600|  866400|  433200|
+-----------------+---------+-------+--------+--------+
|Utilization (%)  |    ~0   |   ~0  |   ~0   |       1|
+-----------------+---------+-------+--------+--------+

+ Detail: 
    * Instance: 
    +--------------------------+---------------+---------+-------+------+------+
    |         Instance         |     Module    | BRAM_18K| DSP48E|  FF  |  LUT |
    +--------------------------+---------------+---------+-------+------+------+
    |grp_cholesky_alt2_fu_197  |cholesky_alt2  |        2|     35|  5379|  4565|
    +--------------------------+---------------+---------+-------+------+------+
    |Total                     |               |        2|     35|  5379|  4565|
    +--------------------------+---------------+---------+-------+------+------+

    * DSP48: 
    N/A

    * Memory: 
    +--------------+--------------------+---------+---+----+------+-----+------+-------------+
    |    Memory    |       Module       | BRAM_18K| FF| LUT| Words| Bits| Banks| W*Bits*Banks|
    +--------------+--------------------+---------+---+----+------+-----+------+-------------+
    |a_i_0_U       |cholesky_top_a_i_0  |        1|  0|   0|   128|   32|     1|         4096|
    |a_i_1_U       |cholesky_top_a_i_0  |        1|  0|   0|   128|   32|     1|         4096|
    |L_0_assign_U  |cholesky_top_a_i_0  |        1|  0|   0|   128|   32|     1|         4096|
    |L_1_assign_U  |cholesky_top_a_i_0  |        1|  0|   0|   128|   32|     1|         4096|
    +--------------+--------------------+---------+---+----+------+-----+------+-------------+
    |Total         |                    |        4|  0|   0|   512|  128|     4|        16384|
    +--------------+--------------------+---------+---+----+------+-----+------+-------------+

    * FIFO: 
    N/A

    * Expression: 
    +------------------------+----------+-------+---+----+------------+------------+
    |      Variable Name     | Operation| DSP48E| FF| LUT| Bitwidth P0| Bitwidth P1|
    +------------------------+----------+-------+---+----+------------+------------+
    |c_1_fu_261_p2           |     +    |      0|  0|  15|           5|           1|
    |c_2_fu_356_p2           |     +    |      0|  0|  15|           5|           1|
    |r_1_fu_211_p2           |     +    |      0|  0|  15|           5|           1|
    |r_2_fu_306_p2           |     +    |      0|  0|  15|           5|           1|
    |tmp_14_fu_370_p2        |     +    |      0|  0|  17|          10|          10|
    |tmp_15_fu_375_p2        |     +    |      0|  0|  16|           9|           9|
    |tmp_7_fu_275_p2         |     +    |      0|  0|  17|          10|          10|
    |tmp_8_fu_280_p2         |     +    |      0|  0|  16|           9|           9|
    |tmp_2_fu_300_p2         |   icmp   |      0|  0|  11|           5|           6|
    |tmp_3_fu_255_p2         |   icmp   |      0|  0|  11|           5|           6|
    |tmp_6_fu_350_p2         |   icmp   |      0|  0|  11|           5|           6|
    |tmp_fu_205_p2           |   icmp   |      0|  0|  11|           5|           6|
    |tmp_s_fu_294_p2         |   icmp   |      0|  0|  18|          32|           1|
    |l_i_load_phi_fu_385_p3  |  select  |      0|  0|  32|           1|          32|
    +------------------------+----------+-------+---+----+------------+------------+
    |Total                   |          |      0|  0| 220|         111|          99|
    +------------------------+----------+-------+---+----+------------+------------+

    * Multiplexer: 
    +---------------------+----+-----------+-----+-----------+
    |         Name        | LUT| Input Size| Bits| Total Bits|
    +---------------------+----+-----------+-----+-----------+
    |L_0_assign_address0  |  15|          3|    7|         21|
    |L_0_assign_ce0       |  15|          3|    1|          3|
    |L_0_assign_we0       |   9|          2|    1|          2|
    |L_1_assign_address0  |  15|          3|    7|         21|
    |L_1_assign_ce0       |  15|          3|    1|          3|
    |L_1_assign_we0       |   9|          2|    1|          2|
    |a_i_0_address0       |  15|          3|    7|         21|
    |a_i_0_ce0            |  15|          3|    1|          3|
    |a_i_1_address0       |  15|          3|    7|         21|
    |a_i_1_ce0            |  15|          3|    1|          3|
    |ap_NS_fsm            |  59|         14|    1|         14|
    |c2_reg_173           |   9|          2|    5|         10|
    |c_reg_151            |   9|          2|    5|         10|
    |r1_reg_162           |   9|          2|    5|         10|
    |r_reg_140            |   9|          2|    5|         10|
    +---------------------+----+-----------+-----+-----------+
    |Total                | 233|         50|   55|        154|
    +---------------------+----+-----------+-----+-----------+

    * Register: 
    +------------------------------------------+----+----+-----+-----------+
    |                   Name                   | FF | LUT| Bits| Const Bits|
    +------------------------------------------+----+----+-----+-----------+
    |A_load_reg_455                            |  32|   0|   32|          0|
    |a_i_0_addr_reg_445                        |   7|   0|    7|          0|
    |a_i_1_addr_reg_450                        |   7|   0|    7|          0|
    |ap_CS_fsm                                 |  13|   0|   13|          0|
    |ap_reg_grp_cholesky_alt2_fu_197_ap_start  |   1|   0|    1|          0|
    |c2_reg_173                                |   5|   0|    5|          0|
    |c_1_reg_425                               |   5|   0|    5|          0|
    |c_2_reg_490                               |   5|   0|    5|          0|
    |c_reg_151                                 |   5|   0|    5|          0|
    |l_i_load_phi_reg_515                      |  32|   0|   32|          0|
    |p_0_reg_184                               |   1|   0|    1|          0|
    |r1_reg_162                                |   5|   0|    5|          0|
    |r_1_reg_403                               |   5|   0|    5|          0|
    |r_2_reg_467                               |   5|   0|    5|          0|
    |r_reg_140                                 |   5|   0|    5|          0|
    |tmp_10_cast_reg_417                       |   4|   0|    9|          5|
    |tmp_12_reg_477                            |   1|   0|    1|          0|
    |tmp_14_reg_495                            |  10|   0|   10|          0|
    |tmp_15_cast_reg_472                       |   5|   0|   10|          5|
    |tmp_15_reg_500                            |   9|   0|    9|          0|
    |tmp_17_cast_reg_482                       |   4|   0|    9|          5|
    |tmp_5_reg_413                             |   1|   0|    1|          0|
    |tmp_7_reg_430                             |  10|   0|   10|          0|
    |tmp_8_cast_reg_408                        |   5|   0|   10|          5|
    |tmp_8_reg_435                             |   9|   0|    9|          0|
    +------------------------------------------+----+----+-----+-----------+
    |Total                                     | 191|   0|  211|         20|
    +------------------------------------------+----+----+-----+-----------+



================================================================
== Interface
================================================================
* Summary: 
+------------+-----+-----+------------+--------------+--------------+
|  RTL Ports | Dir | Bits|  Protocol  | Source Object|    C Type    |
+------------+-----+-----+------------+--------------+--------------+
|ap_clk      |  in |    1| ap_ctrl_hs | cholesky_top | return value |
|ap_rst      |  in |    1| ap_ctrl_hs | cholesky_top | return value |
|ap_start    |  in |    1| ap_ctrl_hs | cholesky_top | return value |
|ap_done     | out |    1| ap_ctrl_hs | cholesky_top | return value |
|ap_idle     | out |    1| ap_ctrl_hs | cholesky_top | return value |
|ap_ready    | out |    1| ap_ctrl_hs | cholesky_top | return value |
|ap_return   | out |   32| ap_ctrl_hs | cholesky_top | return value |
|A_address0  | out |    8|  ap_memory |       A      |     array    |
|A_ce0       | out |    1|  ap_memory |       A      |     array    |
|A_q0        |  in |   32|  ap_memory |       A      |     array    |
|L_address0  | out |    8|  ap_memory |       L      |     array    |
|L_ce0       | out |    1|  ap_memory |       L      |     array    |
|L_we0       | out |    1|  ap_memory |       L      |     array    |
|L_d0        | out |   32|  ap_memory |       L      |     array    |
+------------+-----+-----+------------+--------------+--------------+

