
****** Vivado(TM) HLS - High-Level Synthesis from C, C++ and SystemC v2017.4 (64-bit)
  **** SW Build 2086221 on Fri Dec 15 20:54:30 MST 2017
  **** IP Build 2085800 on Fri Dec 15 22:25:07 MST 2017
    ** Copyright 1986-2017 Xilinx, Inc. All Rights Reserved.

source /opt/tools/xilinx/Vivado/2017.4/scripts/vivado_hls/hls.tcl -notrace
INFO: [HLS 200-10] Running '/opt/tools/xilinx/Vivado/2017.4/bin/unwrapped/lnx64.o/vivado_hls'
INFO: [HLS 200-10] For user 'jieliu15' on host 'u11-jieliu15' (Linux_x86_64 version 4.4.0-124-generic) on Fri Sep 28 05:18:50 PDT 2018
INFO: [HLS 200-10] On os Ubuntu 16.04.5 LTS
INFO: [HLS 200-10] In directory '/curr/jieliu15/HLS_design/Cholesky/cholesky_lib'
INFO: [HLS 200-10] Creating and opening project '/curr/jieliu15/HLS_design/Cholesky/cholesky_lib/chol'.
INFO: [HLS 200-10] Adding design file 'cholesky.cpp' to the project
INFO: [HLS 200-10] Adding design file 'cholesky.h' to the project
INFO: [HLS 200-10] Adding test bench file 'cholesky_tb.cpp' to the project
INFO: [HLS 200-10] Creating and opening solution '/curr/jieliu15/HLS_design/Cholesky/cholesky_lib/chol/solution1'.
INFO: [HLS 200-10] Setting target device to 'xc7vx690tffg1157-2'
INFO: [SYN 201-201] Setting up clock 'default' with a period of 4ns.
INFO: [SIM 211-2] *************** CSIM start ***************
INFO: [SIM 211-4] CSIM will launch GCC as the compiler.
   Compiling ../../../../cholesky_tb.cpp in debug mode
csim.mk:76: recipe for target 'obj/cholesky_tb.o' failed
../../../../cholesky_tb.cpp: In function ‘int main()’:
../../../../cholesky_tb.cpp:52:21: error: ‘matrix_size’ was not declared in this scope
make: *** [obj/cholesky_tb.o] Error 1
ERROR: [SIM 211-100] 'csim_design' failed: compilation error(s).
INFO: [SIM 211-3] *************** CSIM finish ***************
4
    while executing
"source script.tcl"
    invoked from within
"hls::main script.tcl"
    ("uplevel" body line 1)
    invoked from within
"uplevel 1 hls::main {*}$args"
    (procedure "hls_proc" line 5)
    invoked from within
"hls_proc $argv"
INFO: [Common 17-206] Exiting vivado_hls at Fri Sep 28 05:18:53 2018...
